25112: 12:46:27.674 - ---
25112: 12:46:27.674 - Service: "Photon Socket Server" starting
25112: 12:46:27.674 - Config File: D:\Unity3d\APlan_Siki\05_PhotonServer\Photon-OnPremise-Server-SDK_v4-0-29-11263\deploy\bin_Win64\PhotonServer.config
25112: 12:46:27.674 - Will produce at most: 10 crash dumps
25112: 12:46:27.674 - Service shutting down
25112: 12:46:27.676 - Service shut down complete
21848: 16:33:22.000 - ---
21848: 16:33:22.000 - Service: "Photon Socket Server" starting
21848: 16:33:22.000 - Config File: D:\Unity3d\APlan_Siki\05_PhotonServer\Photon-OnPremise-Server-SDK_v4-0-29-11263\deploy\bin_Win64\PhotonServer.config
21848: 16:33:22.001 - Will produce at most: 10 crash dumps
21848: 16:33:22.001 - Service shutting down
21848: 16:33:22.002 - Service shut down complete
25044: 17:08:17.252 - ---
25044: 17:08:17.252 - Service: "Photon Socket Server" starting
25044: 17:08:17.252 - Config File: D:\Unity3d\APlan_Siki\05_PhotonServer\Photon-OnPremise-Server-SDK_v4-0-29-11263\deploy\bin_Win64\PhotonServer.config
25044: 17:08:17.252 - Will produce at most: 10 crash dumps
25044: 17:08:17.253 - Service shutting down
25044: 17:08:17.254 - Service shut down complete
21488: 17:26:01.226 - ---
21488: 17:26:01.226 - Service: "Photon Socket Server" starting
21488: 17:26:01.226 - Config File: D:\Unity3d\APlan_Siki\05_PhotonServer\Photon-OnPremise-Server-SDK_v4-0-29-11263\deploy\bin_Win64\PhotonServer.config
21488: 17:26:01.227 - Will produce at most: 10 crash dumps
21488: 17:26:01.227 - Service shutting down
21488: 17:26:01.228 - Service shut down complete
