10580: 15:49:13.591 - ---
10580: 15:49:13.591 - Service: "Photon Socket Server" starting
10580: 15:49:13.591 - Config File: D:\Unity3d\APlan_Siki\05_PhotonServer\Photon-OnPremise-Server-SDK_v4-0-29-11263\deploy\bin_Win64\PhotonServer.config
10580: 15:49:13.592 - Will produce at most: 10 crash dumps
10580: 15:49:13.592 - Service shutting down
10580: 15:49:13.593 - Service shut down complete
8632: 15:51:58.335 - ---
8632: 15:51:58.335 - Service: "Photon Socket Server" starting
8632: 15:51:58.336 - Config File: D:\Unity3d\APlan_Siki\05_PhotonServer\Photon-OnPremise-Server-SDK_v4-0-29-11263\deploy\bin_Win64\PhotonServer.config
8632: 15:51:58.336 - Will produce at most: 10 crash dumps
8632: 15:51:58.336 - Service shutting down
8632: 15:51:58.337 - Service shut down complete
9688: 20:21:45.406 - ---
9688: 20:21:45.406 - Service: "Photon Socket Server" starting
9688: 20:21:45.406 - Config File: D:\Unity3d\APlan_Siki\05_PhotonServer\Photon-OnPremise-Server-SDK_v4-0-29-11263\deploy\bin_Win64\PhotonServer.config
9688: 20:21:45.407 - Will produce at most: 10 crash dumps
9688: 20:21:45.407 - Service shutting down
9688: 20:21:45.408 - Service shut down complete
15180: 20:24:17.285 - ---
15180: 20:24:17.285 - Service: "Photon Socket Server" starting
15180: 20:24:17.285 - Config File: D:\Unity3d\APlan_Siki\05_PhotonServer\Photon-OnPremise-Server-SDK_v4-0-29-11263\deploy\bin_Win64\PhotonServer.config
15180: 20:24:17.285 - Will produce at most: 10 crash dumps
15180: 20:24:17.285 - Service shutting down
15180: 20:24:17.286 - Service shut down complete
4588: 20:24:37.418 - ---
4588: 20:24:37.418 - Service: "Photon Socket Server" starting
4588: 20:24:37.418 - Config File: D:\Unity3d\APlan_Siki\05_PhotonServer\Photon-OnPremise-Server-SDK_v4-0-29-11263\deploy\bin_Win64\PhotonServer.config
4588: 20:24:37.419 - Will produce at most: 10 crash dumps
4588: 20:24:37.419 - Service shutting down
4588: 20:24:37.419 - Service shut down complete
11992: 20:25:45.030 - ---
11992: 20:25:45.030 - Service: "Photon Socket Server" starting
11992: 20:25:45.030 - Config File: D:\Unity3d\APlan_Siki\05_PhotonServer\Photon-OnPremise-Server-SDK_v4-0-29-11263\deploy\bin_Win64\PhotonServer.config
11992: 20:25:45.031 - Will produce at most: 10 crash dumps
11992: 20:25:45.031 - Service shutting down
11992: 20:25:45.031 - Service shut down complete
14868: 20:27:00.084 - ---
14868: 20:27:00.084 - Service: "Photon Socket Server" starting
14868: 20:27:00.084 - Config File: D:\Unity3d\APlan_Siki\05_PhotonServer\Photon-OnPremise-Server-SDK_v4-0-29-11263\deploy\bin_Win64\PhotonServer.config
14868: 20:27:00.085 - Will produce at most: 10 crash dumps
14868: 20:27:00.085 - Service shutting down
14868: 20:27:00.085 - Service shut down complete
13744: 20:32:03.797 - ---
13744: 20:32:03.797 - Service: "Photon Socket Server" starting
13744: 20:32:03.797 - Config File: D:\Unity3d\APlan_Siki\05_PhotonServer\Photon-OnPremise-Server-SDK_v4-0-29-11263\deploy\bin_Win64\PhotonServer.config
13744: 20:32:03.798 - Will produce at most: 10 crash dumps
13744: 20:32:03.798 - Service shutting down
13744: 20:32:03.798 - Service shut down complete
13488: 20:34:05.663 - ---
13488: 20:34:05.663 - Service: "Photon Socket Server" starting
13488: 20:34:05.663 - Config File: D:\Unity3d\APlan_Siki\05_PhotonServer\Photon-OnPremise-Server-SDK_v4-0-29-11263\deploy\bin_Win64\PhotonServer.config
13488: 20:34:05.664 - Will produce at most: 10 crash dumps
13488: 20:34:05.664 - Service shutting down
13488: 20:34:05.665 - Service shut down complete
10336: 20:59:17.139 - ---
10336: 20:59:17.139 - Service: "Photon Socket Server" starting
10336: 20:59:17.139 - Config File: D:\Unity3d\APlan_Siki\05_PhotonServer\Photon-OnPremise-Server-SDK_v4-0-29-11263\deploy\bin_Win64\PhotonServer.config
10336: 20:59:17.140 - Will produce at most: 10 crash dumps
10336: 20:59:17.140 - Service shutting down
10336: 20:59:17.141 - Service shut down complete
10152: 21:00:47.443 - ---
10152: 21:00:47.443 - Service: "Photon Socket Server" starting
10152: 21:00:47.443 - Config File: D:\Unity3d\APlan_Siki\05_PhotonServer\Photon-OnPremise-Server-SDK_v4-0-29-11263\deploy\bin_Win64\PhotonServer.config
10152: 21:00:47.444 - Will produce at most: 10 crash dumps
10152: 21:00:47.444 - Service shutting down
10152: 21:00:47.444 - Service shut down complete
10316: 22:00:20.810 - ---
10316: 22:00:20.810 - Service: "Photon Socket Server" starting
10316: 22:00:20.810 - Config File: D:\Unity3d\APlan_Siki\05_PhotonServer\Photon-OnPremise-Server-SDK_v4-0-29-11263\deploy\bin_Win64\PhotonServer.config
10316: 22:00:20.811 - Will produce at most: 10 crash dumps
10316: 22:00:20.811 - Service shutting down
10316: 22:00:20.812 - Service shut down complete
