24676: 10:32:12.512 - ---
24676: 10:32:12.512 - Service: "Photon Socket Server" starting
24676: 10:32:12.512 - Config File: D:\Unity3d\APlan_Siki\05_PhotonServer\Photon-OnPremise-Server-SDK_v4-0-29-11263\deploy\bin_Win64\PhotonServer.config
24676: 10:32:12.512 - Will produce at most: 10 crash dumps
24676: 10:32:12.512 - Service shutting down
24676: 10:32:12.514 - Service shut down complete
19764: 10:41:18.869 - ---
19764: 10:41:18.869 - Service: "Photon Socket Server" starting
19764: 10:41:18.869 - Config File: D:\Unity3d\APlan_Siki\05_PhotonServer\Photon-OnPremise-Server-SDK_v4-0-29-11263\deploy\bin_Win64\PhotonServer.config
19764: 10:41:18.870 - Will produce at most: 10 crash dumps
19764: 10:41:18.870 - Service shutting down
19764: 10:41:18.871 - Service shut down complete
19476: 10:46:25.792 - ---
19476: 10:46:25.792 - Service: "Photon Socket Server" starting
19476: 10:46:25.792 - Config File: D:\Unity3d\APlan_Siki\05_PhotonServer\Photon-OnPremise-Server-SDK_v4-0-29-11263\deploy\bin_Win64\PhotonServer.config
19476: 10:46:25.793 - Will produce at most: 10 crash dumps
19476: 10:46:25.793 - Service shutting down
19476: 10:46:25.793 - Service shut down complete
17308: 12:13:23.793 - ---
17308: 12:13:23.793 - Service: "Photon Socket Server" starting
17308: 12:13:23.793 - Config File: D:\Unity3d\APlan_Siki\05_PhotonServer\Photon-OnPremise-Server-SDK_v4-0-29-11263\deploy\bin_Win64\PhotonServer.config
17308: 12:13:23.794 - Will produce at most: 10 crash dumps
17308: 12:13:23.794 - Service shutting down
17308: 12:13:23.795 - Service shut down complete
4244: 12:18:24.480 - ---
4244: 12:18:24.480 - Service: "Photon Socket Server" starting
4244: 12:18:24.480 - Config File: D:\Unity3d\APlan_Siki\05_PhotonServer\Photon-OnPremise-Server-SDK_v4-0-29-11263\deploy\bin_Win64\PhotonServer.config
4244: 12:18:24.481 - Will produce at most: 10 crash dumps
4244: 12:18:24.481 - Service shutting down
4244: 12:18:24.482 - Service shut down complete
11268: 16:13:56.403 - ---
11268: 16:13:56.403 - Service: "Photon Socket Server" starting
11268: 16:13:56.403 - Config File: D:\Unity3d\APlan_Siki\05_PhotonServer\Photon-OnPremise-Server-SDK_v4-0-29-11263\deploy\bin_Win64\PhotonServer.config
11268: 16:13:56.404 - Will produce at most: 10 crash dumps
11268: 16:13:56.404 - Service shutting down
11268: 16:13:56.405 - Service shut down complete
18360: 16:19:51.955 - ---
18360: 16:19:51.955 - Service: "Photon Socket Server" starting
18360: 16:19:51.955 - Config File: D:\Unity3d\APlan_Siki\05_PhotonServer\Photon-OnPremise-Server-SDK_v4-0-29-11263\deploy\bin_Win64\PhotonServer.config
18360: 16:19:51.956 - Will produce at most: 10 crash dumps
18360: 16:19:51.956 - Service shutting down
18360: 16:19:51.958 - Service shut down complete
16756: 18:51:01.667 - ---
16756: 18:51:01.667 - Service: "Photon Socket Server" starting
16756: 18:51:01.668 - Config File: D:\Unity3d\APlan_Siki\05_PhotonServer\Photon-OnPremise-Server-SDK_v4-0-29-11263\deploy\bin_Win64\PhotonServer.config
16756: 18:51:01.668 - Will produce at most: 10 crash dumps
16756: 18:51:01.668 - Service shutting down
16756: 18:51:01.669 - Service shut down complete
26056: 19:37:57.020 - ---
26056: 19:37:57.020 - Service: "Photon Socket Server" starting
26056: 19:37:57.020 - Config File: D:\Unity3d\APlan_Siki\05_PhotonServer\Photon-OnPremise-Server-SDK_v4-0-29-11263\deploy\bin_Win64\PhotonServer.config
26056: 19:37:57.021 - Will produce at most: 10 crash dumps
26056: 19:37:57.021 - Service shutting down
26056: 19:37:57.022 - Service shut down complete
26224: 20:28:31.535 - ---
26224: 20:28:31.535 - Service: "Photon Socket Server" starting
26224: 20:28:31.535 - Config File: D:\Unity3d\APlan_Siki\05_PhotonServer\Photon-OnPremise-Server-SDK_v4-0-29-11263\deploy\bin_Win64\PhotonServer.config
26224: 20:28:31.536 - Will produce at most: 10 crash dumps
26224: 20:28:31.536 - Service shutting down
26224: 20:28:31.537 - Service shut down complete
