22640: 13:39:24.268 - ---
22640: 13:39:24.268 - Service: "Photon Socket Server" starting
22640: 13:39:24.268 - Config File: D:\Unity3d\素材\07-PhotonServery游戏服务器端教程\源码工程和素材\Photon-OnPremise-Server-SDK_v4-0-29-11263\deploy\bin_Win64\PhotonServer.config
22640: 13:39:24.269 - Will produce at most: 10 crash dumps
22640: 13:39:24.269 - Action: run as exe
22640: 13:39:24.269 - Server Starting...
22640: 13:39:24.269 -    Tick count: 243280002 (wraps in: 46.8945 days)
22640: 13:39:24.269 - Tick count 64: 243280002
22640: 13:39:24.269 - Photon Version: 4.0.28.2962
22640: 13:39:24.269 - PID: 20600
22640: 13:39:24.270 - Config File: D:\Unity3d\素材\07-PhotonServery游戏服务器端教程\源码工程和素材\Photon-OnPremise-Server-SDK_v4-0-29-11263\deploy\bin_Win64\PhotonServer.config
22640: 13:39:24.270 - Will NOT log unimportant exceptions
22640: 13:39:24.271 - Not using performance counters as they are not currently installed. Run the service with /InstallCounters to install them.
22640: 13:39:24.271 - Shutdown timeout enabled: 30000ms
22640: 13:39:24.271 - Starting I/O thread pool with 2 threads
22640: 13:39:24.271 - Using Standard allocator
22640: 13:39:24.271 - Max message size: 512000
22640: 13:39:24.271 - Starting business logic thread pool with the following settings
22640: 13:39:24.271 - InitialThreads: 4 threads
22640: 13:39:24.271 - MinThreads: 4 threads
22640: 13:39:24.271 - Thread pool is fixed size
22640: 13:39:24.271 - Starting ENet thread pool with the following settings
22640: 13:39:24.271 - InitialThreads: 2 threads
22640: 13:39:24.271 - MinThreads: 2 threads
22640: 13:39:24.271 - Thread pool is fixed size
22640: 13:39:24.271 - OnlyDispatchTimers: False
22640: 13:39:24.271 - S2S: flow control: Max pending writes: 50
22640: 13:39:24.271 - S2S: flow control: Max queued buffers: 200
22640: 13:39:24.271 - S2S: flow control: Max pending writes MUX: 500
22640: 13:39:24.271 - S2S: flow control: Max queued buffers MUX: 2000
22640: 13:39:24.271 - S2S: MaxInboundMessageSize: 512000
22640: 13:39:24.271 - S2S: MaxOutboundMessageSize: 512000
22640: 13:39:24.271 - S2S: No inactivity timeout
22640: 13:39:24.276 - Cannot enable FILE_SKIP_COMPLETION_PORT_ON_SUCCESS as "xunyou64" does not support XP1_IFS_HANDLES. ServiceFlags1 = 0x66
22640: 13:39:24.276 - Cannot enable FILE_SKIP_COMPLETION_PORT_ON_SUCCESS as "xunyou64" does not support XP1_IFS_HANDLES. ServiceFlags1 = 0x66
22640: 13:39:24.276 - WebSocket S2S: MaxInboundMessageSize: 512000
22640: 13:39:24.276 - WebSocket S2S: MaxOutboundMessageSize: 512000
22640: 13:39:24.276 - WebSocket S2S: No inactivity timeout
22640: 13:39:24.276 - Cannot enable FILE_SKIP_COMPLETION_PORT_ON_SUCCESS as "xunyou64" does not support XP1_IFS_HANDLES. ServiceFlags1 = 0x66
22640: 13:39:24.277 - Max Reliable Data In Transit (awaiting ACKs) per peer : 51200 bytes
22640: 13:39:24.277 - Per peer bandwidth limit
22640: 13:39:24.277 - Transmit Rate Limit: 256 KB/Sec
22640: 13:39:24.277 - Limit period: 200ms
22640: 13:39:24.277 - Limit per period: 52428 bytes
22640: 13:39:24.277 - Max queued data for transmission per peer: 512000 bytes
22640: 13:39:24.277 - Minimum retransmit timeout: 200
22640: 13:39:24.277 - No Maximum retransmit timeout
22640: 13:39:24.277 - Minimum ENet timeout: 5000ms
22640: 13:39:24.277 - Maximum ENet timeout: 30000ms
22640: 13:39:24.277 - Max Inbound Reliable Data Queued (awaiting resends of earlier sequence numbers) per peer : 163840 bytes
22640: 13:39:24.277 - No RTT ACK adjustment timeout
22640: 13:39:24.277 - Outbound ENet: MaxInboundMessageSize: 512000
22640: 13:39:24.277 - Outbound ENet: MaxOutboundMessageSize: 512000
22640: 13:39:24.277 - Cannot enable FILE_SKIP_COMPLETION_PORT_ON_SUCCESS as "xunyou64" does not support XP1_IFS_HANDLES. ServiceFlags1 = 0x66
22640: 13:39:24.280 - GetRuntime - About to load CLR - versions available:
22640: 13:39:24.280 - v2.0.50727
22640: 13:39:24.280 - v4.0.30319
22640: 13:39:24.280 - Configuration requests: "v2.0.50727"
22640: 13:39:24.280 - About to load version: "v2.0.50727"
22640: 13:39:24.353 - About to load runtime: PhotonHostRuntime.PhotonDomainManager from PhotonHostRuntime, Culture=neutral, PublicKeyToken=02C301B61B060C4D
22640: 13:39:24.353 - CLRBaseDirectory set to "D:\Unity3d\素材\07-PhotonServery游戏服务器端教程\源码工程和素材\Photon-OnPremise-Server-SDK_v4-0-29-11263\deploy"
22640: 13:39:24.353 - Optimising event broadcast for 20 or more peers
22640: 13:39:24.354 - Start: About to load CLR - versions available:
22640: 13:39:24.354 - v2.0.50727
22640: 13:39:24.354 - v4.0.30319
22640: 13:39:24.354 - No preference in configuration file, will load latest.
22640: 13:39:24.354 - About to load version: "v4.0.30319"
22640: 13:39:24.358 - Loaded version: "v4.0.30319"
22640: 13:39:25.166 - Photon host runtime loaded
22640: 13:39:27.092 - License is valid.
22640: 13:39:27.092 - Licensed for 100 concurrent connections.
22640: 13:39:27.092 - ENet: Max Reliable Data In Transit (awaiting ACKs) per peer : 51200 bytes
22640: 13:39:27.092 - ENet: Per peer bandwidth limit
22640: 13:39:27.092 - ENet: Transmit Rate Limit: 256 KB/Sec
22640: 13:39:27.092 - ENet: Limit period: 200ms
22640: 13:39:27.092 - ENet: Limit per period: 52428 bytes
22640: 13:39:27.092 - ENet: Max queued data for transmission per peer: 512000 bytes
22640: 13:39:27.092 - ENet: Minimum retransmit timeout: 200
22640: 13:39:27.092 - No Maximum retransmit timeout
22640: 13:39:27.092 - ENet: Minimum timeout: 5000ms
22640: 13:39:27.092 - ENet: Maximum timeout: 30000ms
22640: 13:39:27.092 - ENet: Max Inbound Reliable Data Queued (awaiting resends of earlier sequence numbers) per peer : 163840 bytes
22640: 13:39:27.092 - No RTT ACK adjustment timeout
22640: 13:39:27.092 - About to load application: Master from Photon.LoadBalancing
22640: 13:39:27.092 - Auto restart is enabled for application, existing connections will be terminated during restart
22640: 13:39:27.092 - Application will restart 1000ms after the last change detected
22640: 13:39:27.092 - Application will restart if files matching the following are changed: "dll;config"
22640: 13:39:27.092 - Application will NOT restart if files matching the following are changed: "log4net.config"
22640: 13:39:27.193 - Taking reference on default app domain
22640: 13:39:27.298 - Application: "Master" started in app domain: 2
22640: 13:39:27.298 - About to load application: Game from Photon.LoadBalancing
22640: 13:39:27.298 - Auto restart is enabled for application, existing connections will be terminated during restart
22640: 13:39:27.298 - Application will restart 1000ms after the last change detected
22640: 13:39:27.298 - Application will restart if files matching the following are changed: "dll;config"
22640: 13:39:27.298 - Application will NOT restart if files matching the following are changed: "log4net.config"
22640: 13:39:27.402 - Taking reference on default app domain
22640: 13:39:27.499 - Application: "Game" started in app domain: 3
22640: 13:39:27.499 - About to load application: CounterPublisher from CounterPublisher
22640: 13:39:27.499 - Auto restart is enabled for application, existing connections will be terminated during restart
22640: 13:39:27.499 - Application will restart 1000ms after the last change detected
22640: 13:39:27.499 - Application will restart if files matching the following are changed: "dll;config"
22640: 13:39:27.499 - Application will NOT restart if files matching the following are changed: "log4net.config"
22640: 13:39:27.577 - Taking reference on default app domain
22640: 13:39:27.624 - Application: "CounterPublisher" started in app domain: 4
22640: 13:39:27.624 - Adding TCP listener on: 0.0.0.0: 4530 with a listen backlog of: 150
22640: 13:39:27.624 - TCP inactivity timeout: 10000ms
22640: 13:39:27.624 - TCP disconnect timeout: 120000ms
22640: 13:39:27.624 - MaxInboundMessageSize: 512000
22640: 13:39:27.624 - MaxOutboundMessageSize: 512000
22640: 13:39:27.624 - Forcing all applications ids to: "Master"
22640: 13:39:27.624 - Serving policy file requests from: "D:\Unity3d\素材\07-PhotonServery游戏服务器端教程\源码工程和素材\Photon-OnPremise-Server-SDK_v4-0-29-11263\deploy\Policy\assets\socket-policy.xml"
22640: 13:39:27.624 - Cannot enable FILE_SKIP_COMPLETION_PORT_ON_SUCCESS as "xunyou64" does not support XP1_IFS_HANDLES. ServiceFlags1 = 0x66
22640: 13:39:27.624 - Adding TCP listener on: 0.0.0.0: 4531 with a listen backlog of: 150
22640: 13:39:27.624 - TCP inactivity timeout: 10000ms
22640: 13:39:27.624 - TCP disconnect timeout: 120000ms
22640: 13:39:27.624 - MaxInboundMessageSize: 512000
22640: 13:39:27.624 - MaxOutboundMessageSize: 512000
22640: 13:39:27.624 - Forcing all applications ids to: "Game"
22640: 13:39:27.625 - Serving policy file requests from: "D:\Unity3d\素材\07-PhotonServery游戏服务器端教程\源码工程和素材\Photon-OnPremise-Server-SDK_v4-0-29-11263\deploy\Policy\assets\socket-policy.xml"
22640: 13:39:27.625 - Cannot enable FILE_SKIP_COMPLETION_PORT_ON_SUCCESS as "xunyou64" does not support XP1_IFS_HANDLES. ServiceFlags1 = 0x66
22640: 13:39:27.625 - Adding TCP listener on: 0.0.0.0: 4520 with a listen backlog of: 150
22640: 13:39:27.625 - TCP inactivity timeout: 5000ms
22640: 13:39:27.625 - TCP disconnect timeout: 120000ms
22640: 13:39:27.625 - MaxInboundMessageSize: 512000
22640: 13:39:27.625 - MaxOutboundMessageSize: 512000
22640: 13:39:27.625 - Cannot enable FILE_SKIP_COMPLETION_PORT_ON_SUCCESS as "xunyou64" does not support XP1_IFS_HANDLES. ServiceFlags1 = 0x66
22640: 13:39:27.625 - Forcing all applications ids to: "Master"
22640: 13:39:27.625 - MaxInboundMessageSize: 512000
22640: 13:39:27.625 - MaxOutboundMessageSize: 512000
22640: 13:39:27.625 - UDP address specified as: "0.0.0.0" adding listener to each available IPv4 address
22640: 13:39:27.626 - Adding UDP listener on: 192.168.10.84: 5055 with a listen backlog of: 500
22640: 13:39:27.626 - Cannot enable FILE_SKIP_COMPLETION_PORT_ON_SUCCESS as "xunyou64" does not support XP1_IFS_HANDLES. ServiceFlags1 = 0x66
22640: 13:39:27.626 - Adding UDP listener on: 127.0.0.1: 5055 with a listen backlog of: 500
22640: 13:39:27.626 - Cannot enable FILE_SKIP_COMPLETION_PORT_ON_SUCCESS as "xunyou64" does not support XP1_IFS_HANDLES. ServiceFlags1 = 0x66
22640: 13:39:27.626 - Forcing all applications ids to: "Game"
22640: 13:39:27.626 - MaxInboundMessageSize: 512000
22640: 13:39:27.626 - MaxOutboundMessageSize: 512000
22640: 13:39:27.626 - UDP address specified as: "0.0.0.0" adding listener to each available IPv4 address
22640: 13:39:27.627 - Adding UDP listener on: 192.168.10.84: 5056 with a listen backlog of: 500
22640: 13:39:27.627 - Cannot enable FILE_SKIP_COMPLETION_PORT_ON_SUCCESS as "xunyou64" does not support XP1_IFS_HANDLES. ServiceFlags1 = 0x66
22640: 13:39:27.627 - Adding UDP listener on: 127.0.0.1: 5056 with a listen backlog of: 500
22640: 13:39:27.627 - Cannot enable FILE_SKIP_COMPLETION_PORT_ON_SUCCESS as "xunyou64" does not support XP1_IFS_HANDLES. ServiceFlags1 = 0x66
22640: 13:39:27.627 - Adding WebSocket TCP listener on: 0.0.0.0: 9090 with a listen backlog of: 150
22640: 13:39:27.627 - Nagle disabled
22640: 13:39:27.627 - TCP inactivity timeout: 10000ms
22640: 13:39:27.627 - MaxInboundMessageSize: 512000
22640: 13:39:27.627 - MaxOutboundMessageSize: 512000
22640: 13:39:27.627 - Forcing all applications ids to: "Master"
22640: 13:39:27.627 - Will accept ANY sub-protocols from the client
22640: 13:39:27.627 - No automatic WebSocket ping
22640: 13:39:27.627 - Cannot enable FILE_SKIP_COMPLETION_PORT_ON_SUCCESS as "xunyou64" does not support XP1_IFS_HANDLES. ServiceFlags1 = 0x66
22640: 13:39:27.627 - Adding WebSocket TCP listener on: 0.0.0.0: 9091 with a listen backlog of: 150
22640: 13:39:27.627 - Nagle disabled
22640: 13:39:27.627 - TCP inactivity timeout: 10000ms
22640: 13:39:27.627 - MaxInboundMessageSize: 512000
22640: 13:39:27.627 - MaxOutboundMessageSize: 512000
22640: 13:39:27.627 - Forcing all applications ids to: "Game"
22640: 13:39:27.627 - Will accept ANY sub-protocols from the client
22640: 13:39:27.627 - No automatic WebSocket ping
22640: 13:39:27.627 - Cannot enable FILE_SKIP_COMPLETION_PORT_ON_SUCCESS as "xunyou64" does not support XP1_IFS_HANDLES. ServiceFlags1 = 0x66
22640: 13:39:27.627 - Adding Policy File listener on: 0.0.0.0: 843 with a listen backlog of: 150 and serving Policy File: "D:\Unity3d\素材\07-PhotonServery游戏服务器端教程\源码工程和素材\Photon-OnPremise-Server-SDK_v4-0-29-11263\deploy\Policy\assets\socket-policy.xml"
22640: 13:39:27.627 - TCP inactivity timeout: 1000ms
22640: 13:39:27.627 - Cannot enable FILE_SKIP_COMPLETION_PORT_ON_SUCCESS as "xunyou64" does not support XP1_IFS_HANDLES. ServiceFlags1 = 0x66
22640: 13:39:27.627 - Adding Policy File listener on: 0.0.0.0: 943 with a listen backlog of: 150 and serving Policy File: "D:\Unity3d\素材\07-PhotonServery游戏服务器端教程\源码工程和素材\Photon-OnPremise-Server-SDK_v4-0-29-11263\deploy\Policy\assets\socket-policy-silverlight.xml"
22640: 13:39:27.627 - TCP inactivity timeout: 1000ms
22640: 13:39:27.627 - Cannot enable FILE_SKIP_COMPLETION_PORT_ON_SUCCESS as "xunyou64" does not support XP1_IFS_HANDLES. ServiceFlags1 = 0x66
22640: 13:39:27.757 - Service is running...
